{
  "RSpec": {
    "coverage": {
      "/Users/clayash/turing/3module/projects/viewing_party_lite/app/helpers/application_helper.rb": {
        "lines": [
          1,
          null
        ]
      },
      "/Users/clayash/turing/3module/projects/viewing_party_lite/app/facades/movie_facade.rb": {
        "lines": [
          1,
          null,
          1,
          492,
          null,
          null,
          1,
          11,
          null,
          null,
          1,
          35,
          35,
          null,
          null,
          1,
          11,
          null,
          null,
          1,
          11,
          null,
          null,
          null
        ]
      },
      "/Users/clayash/turing/3module/projects/viewing_party_lite/app/models/party.rb": {
        "lines": [
          1,
          1,
          1,
          null,
          1,
          1,
          1,
          1,
          1,
          1,
          null,
          null,
          1,
          38,
          null,
          null,
          1,
          14,
          14,
          null,
          null,
          null,
          null,
          null,
          null,
          null
        ]
      },
      "/Users/clayash/turing/3module/projects/viewing_party_lite/app/models/application_record.rb": {
        "lines": [
          1,
          1,
          null
        ]
      },
      "/Users/clayash/turing/3module/projects/viewing_party_lite/app/models/user_party.rb": {
        "lines": [
          1,
          1,
          1,
          null
        ]
      },
      "/Users/clayash/turing/3module/projects/viewing_party_lite/app/models/user.rb": {
        "lines": [
          1,
          1,
          1,
          null,
          1,
          1,
          1,
          1,
          null
        ]
      },
      "/Users/clayash/turing/3module/projects/viewing_party_lite/app/poros/movie.rb": {
        "lines": [
          1,
          1,
          null,
          null,
          null,
          null,
          null,
          null,
          null,
          1,
          525,
          525,
          525,
          525,
          525,
          525,
          525,
          null,
          null,
          1,
          7,
          null,
          null
        ]
      },
      "/Users/clayash/turing/3module/projects/viewing_party_lite/app/services/movie_service.rb": {
        "lines": [
          1,
          null,
          1,
          133,
          133,
          null,
          null,
          null,
          1,
          133,
          null,
          null,
          1,
          17,
          17,
          17,
          null,
          null,
          1,
          11,
          11,
          11,
          null,
          null,
          1,
          45,
          45,
          null,
          null,
          1,
          16,
          16,
          null,
          null,
          1,
          16,
          16,
          null,
          null
        ]
      },
      "/Users/clayash/turing/3module/projects/viewing_party_lite/app/controllers/application_controller.rb": {
        "lines": [
          1,
          1,
          null,
          1,
          22,
          null,
          null
        ]
      },
      "/Users/clayash/turing/3module/projects/viewing_party_lite/app/controllers/discover_controller.rb": {
        "lines": [
          1,
          null,
          1,
          2,
          null,
          null
        ]
      },
      "/Users/clayash/turing/3module/projects/viewing_party_lite/app/controllers/movies_controller.rb": {
        "lines": [
          1,
          null,
          1,
          6,
          null,
          6,
          1,
          null,
          5,
          null,
          null,
          null,
          1,
          null,
          6,
          6,
          6,
          null,
          null,
          null
        ]
      },
      "/Users/clayash/turing/3module/projects/viewing_party_lite/app/controllers/parties_controller.rb": {
        "lines": [
          1,
          null,
          1,
          3,
          3,
          2,
          2,
          null,
          null,
          1,
          1,
          null,
          null,
          null,
          1,
          1,
          1,
          1,
          1,
          null,
          null,
          null,
          null,
          null,
          null,
          null,
          1,
          3,
          1,
          2,
          1,
          null,
          null,
          1,
          null,
          null,
          null
        ]
      },
      "/Users/clayash/turing/3module/projects/viewing_party_lite/app/controllers/users_controller.rb": {
        "lines": [
          1,
          null,
          1,
          null,
          null,
          null,
          1,
          4,
          null,
          null,
          1,
          9,
          8,
          null,
          1,
          1,
          null,
          null,
          null,
          1,
          2,
          2,
          1,
          1,
          1,
          null,
          1,
          1,
          null,
          null,
          null,
          1,
          null,
          1,
          2,
          null,
          null,
          null
        ]
      },
      "/Users/clayash/turing/3module/projects/viewing_party_lite/app/controllers/sessions_controller.rb": {
        "lines": [
          1,
          null,
          1,
          null,
          null,
          1,
          2,
          2,
          1,
          1,
          1,
          null,
          1,
          1,
          null,
          null,
          null,
          1,
          1,
          1,
          null,
          null
        ]
      },
      "/Users/clayash/turing/3module/projects/viewing_party_lite/app/controllers/welcome_controller.rb": {
        "lines": [
          1,
          null,
          1,
          11,
          null,
          null
        ]
      }
    },
    "timestamp": 1658276780
  }
}
